2021-11-01 14:39:51,127|azureml|DEBUG|Inputs:: kwargs: {'OutputCollection': True, 'EnableMLflowTracking': True, 'snapshotProject': True}, track_folders: None, deny_list: None, directories_to_watch: ['logs', 'logs/azureml']
2021-11-01 14:39:51,127|azureml.history._tracking.PythonWorkingDirectory|DEBUG|Execution target type: none
2021-11-01 14:39:51,128|azureml.history._tracking.PythonWorkingDirectory|DEBUG|Failed to import pyspark with error: No module named 'pyspark'
2021-11-01 14:39:51,128|azureml.history._tracking.PythonWorkingDirectory.workingdir|DEBUG|Pinning working directory for filesystems: ['pyfs']
2021-11-01 14:39:51,575|azureml.core.run|DEBUG|Adding new factory <function ScriptRun._from_run_dto at 0x7ff074e9c8c8> for run source azureml.scriptrun
2021-11-01 14:39:51,576|azureml.core.run|DEBUG|Identity in use is not set. Falling back to using AMLToken
2021-11-01 14:39:51,576|azureml.core.run|DEBUG|Using AMLToken auth for remote run
2021-11-01 14:39:51,577|azureml.core.authentication.TokenRefresherDaemon|DEBUG|Starting daemon and triggering first instance
2021-11-01 14:39:51,586|azureml._restclient.clientbase|INFO|Created a worker pool for first use
2021-11-01 14:39:51,586|azureml.core.authentication|DEBUG|Time to expire 1814333.413218 seconds
2021-11-01 14:39:51,586|azureml._restclient.service_context|DEBUG|Created a static thread pool for ServiceContext class
2021-11-01 14:39:51,587|azureml._base_sdk_common.service_discovery|DEBUG|Found history service url in environment variable AZUREML_SERVICE_ENDPOINT, history service url: https://westeurope.api.azureml.ms.
2021-11-01 14:39:51,587|azureml._base_sdk_common.service_discovery|DEBUG|Found history service url in environment variable AZUREML_SERVICE_ENDPOINT, history service url: https://westeurope.api.azureml.ms.
2021-11-01 14:39:51,588|azureml._base_sdk_common.service_discovery|DEBUG|Found history service url in environment variable AZUREML_SERVICE_ENDPOINT, history service url: https://westeurope.api.azureml.ms.
2021-11-01 14:39:51,588|azureml._base_sdk_common.service_discovery|DEBUG|Found history service url in environment variable AZUREML_SERVICE_ENDPOINT, history service url: https://westeurope.api.azureml.ms.
2021-11-01 14:39:51,588|azureml._base_sdk_common.service_discovery|DEBUG|Found history service url in environment variable AZUREML_SERVICE_ENDPOINT, history service url: https://westeurope.api.azureml.ms.
2021-11-01 14:39:51,588|azureml._base_sdk_common.service_discovery|DEBUG|Found history service url in environment variable AZUREML_SERVICE_ENDPOINT, history service url: https://westeurope.api.azureml.ms.
2021-11-01 14:39:51,588|azureml._base_sdk_common.service_discovery|DEBUG|Found history service url in environment variable AZUREML_SERVICE_ENDPOINT, history service url: https://westeurope.api.azureml.ms.
2021-11-01 14:39:51,730|azureml._SubmittedRun#mslearn-diabetes_1635777523_1a0874de.RunHistoryFacade.RunClient.get_by_exp_id-async:False|DEBUG|[START]
2021-11-01 14:39:51,730|azureml._SubmittedRun#mslearn-diabetes_1635777523_1a0874de.RunHistoryFacade.RunClient|DEBUG|ClientBase: Calling get_by_exp_id with url /history/v1.0/subscriptions/{subscriptionId}/resourceGroups/{resourceGroupName}/providers/Microsoft.MachineLearningServices/workspaces/{workspaceName}/experimentids/{experimentId}/runs/{runId}
2021-11-01 14:39:51,802|azureml._SubmittedRun#mslearn-diabetes_1635777523_1a0874de.RunHistoryFacade.RunClient.get_by_exp_id-async:False|DEBUG|[STOP]
2021-11-01 14:39:51,803|azureml._SubmittedRun#mslearn-diabetes_1635777523_1a0874de|DEBUG|Constructing run from dto. type: azureml.scriptrun, source: None, props: {'_azureml.ComputeTargetType': 'local', 'ContentSnapshotId': '85acbbd1-c1b0-4a94-a154-5a127cf074b6', 'azureml.git.repository_uri': 'https://github.com/MicrosoftLearning/mslearn-dp100', 'mlflow.source.git.repoURL': 'https://github.com/MicrosoftLearning/mslearn-dp100', 'azureml.git.branch': 'main', 'mlflow.source.git.branch': 'main', 'azureml.git.commit': '18f734eeb1031a9cb69c3b294632efd2e69324ac', 'mlflow.source.git.commit': '18f734eeb1031a9cb69c3b294632efd2e69324ac', 'azureml.git.dirty': 'True'}
2021-11-01 14:39:51,803|azureml._SubmittedRun#mslearn-diabetes_1635777523_1a0874de.RunContextManager|DEBUG|Valid logs dir, setting up content loader
2021-11-01 14:39:52,310|azureml|DEBUG|Installed with mlflow version 1.21.0.
2021-11-01 14:39:52,311|azureml.mlflow|DEBUG|Setting up a Remote MLflow run
2021-11-01 14:39:52,312|azureml.mlflow|DEBUG|Creating a tracking uri in westeurope.api.azureml.ms for workspace /subscriptions/a1a17299-14cc-41bd-904d-c72e7cd421ed/resourceGroups/mlrg/providers/Microsoft.MachineLearningServices/workspaces/azml-ws
2021-11-01 14:39:52,313|azureml.mlflow|DEBUG|Setting MLflow tracking uri env var
2021-11-01 14:39:52,313|azureml.mlflow|DEBUG|Setting MLflow run id env var with mslearn-diabetes_1635777523_1a0874de
2021-11-01 14:39:52,313|azureml.mlflow|DEBUG|Setting Mlflow experiment with mslearn-diabetes
2021-11-01 14:39:52,313|azureml.mlflow|DEBUG|Setting Mlflow experiment with 7765dc4a-c5c7-4d0b-9727-76d32eb8a772
2021-11-01 14:39:52,314|azureml.mlflow|DEBUG|Setting the mlflow tag mlflow.source.type
2021-11-01 14:39:52,314|azureml.mlflow|DEBUG|Setting the mlflow tag mlflow.source.name
2021-11-01 14:39:52,314|azureml._SubmittedRun#mslearn-diabetes_1635777523_1a0874de.RunHistoryFacade.RunClient.get_details-async:False|DEBUG|[START]
2021-11-01 14:39:52,314|azureml._SubmittedRun#mslearn-diabetes_1635777523_1a0874de.RunHistoryFacade.RunClient|DEBUG|ClientBase: Calling get_details with url /history/v1.0/subscriptions/{subscriptionId}/resourceGroups/{resourceGroupName}/providers/Microsoft.MachineLearningServices/workspaces/{workspaceName}/experiments/{experimentName}/runs/{runId}/details
2021-11-01 14:39:52,416|azureml._SubmittedRun#mslearn-diabetes_1635777523_1a0874de.RunHistoryFacade.RunClient.get_details-async:False|DEBUG|[STOP]
2021-11-01 14:39:52,419|azureml._SubmittedRun#mslearn-diabetes_1635777523_1a0874de.RunHistoryFacade.RunClient.patch_by_exp_id-async:False|DEBUG|[START]
2021-11-01 14:39:52,419|azureml._SubmittedRun#mslearn-diabetes_1635777523_1a0874de.RunHistoryFacade.RunClient|DEBUG|ClientBase: Calling patch_by_exp_id with url /history/v1.0/subscriptions/{subscriptionId}/resourceGroups/{resourceGroupName}/providers/Microsoft.MachineLearningServices/workspaces/{workspaceName}/experimentids/{experimentId}/runs/{runId}
2021-11-01 14:39:52,537|azureml._SubmittedRun#mslearn-diabetes_1635777523_1a0874de.RunHistoryFacade.RunClient.patch_by_exp_id-async:False|DEBUG|[STOP]
2021-11-01 14:39:52,538|azureml.WorkerPool|DEBUG|[START]
2021-11-01 14:39:52,538|azureml.SendRunKillSignal|DEBUG|[START]
2021-11-01 14:39:52,538|azureml.RunStatusContext|DEBUG|[START]
2021-11-01 14:39:52,538|azureml._SubmittedRun#mslearn-diabetes_1635777523_1a0874de.RunContextManager.RunStatusContext|DEBUG|[START]
2021-11-01 14:39:52,538|azureml.MetricsClient|DEBUG|[START]
2021-11-01 14:39:52,538|azureml._SubmittedRun#mslearn-diabetes_1635777523_1a0874de.RunHistoryFacade.MetricsClient|DEBUG|[START]
2021-11-01 14:39:52,538|azureml.ContentUploader|DEBUG|[START]
2021-11-01 14:39:52,539|azureml._history.utils.context_managers|DEBUG|starting file watcher
2021-11-01 14:39:52,540|azureml._history.utils.context_managers.FileWatcher.UploadQueue|DEBUG|[Start]
2021-11-01 14:39:52,540|azureml.TrackFolders|DEBUG|[START]
2021-11-01 14:39:52,540|azureml.WorkingDirectoryCM|DEBUG|[START]
2021-11-01 14:39:52,540|azureml.history._tracking.PythonWorkingDirectory.workingdir|DEBUG|[START]
2021-11-01 14:39:52,540|azureml.history._tracking.PythonWorkingDirectory|INFO|Current working dir: /tmp/azureml_runs/mslearn-diabetes_1635777523_1a0874de
2021-11-01 14:39:52,540|azureml.history._tracking.PythonWorkingDirectory.workingdir|DEBUG|Calling pyfs
2021-11-01 14:39:52,540|azureml.history._tracking.PythonWorkingDirectory.workingdir|DEBUG|Storing working dir for pyfs as /tmp/azureml_runs/mslearn-diabetes_1635777523_1a0874de
2021-11-01 14:39:52,556|azureml._SubmittedRun#mslearn-diabetes_1635777523_1a0874de.RunHistoryFacade.ArtifactsClient.batch_create_empty_artifacts-async:False|DEBUG|[START]
2021-11-01 14:39:52,556|azureml._SubmittedRun#mslearn-diabetes_1635777523_1a0874de.RunHistoryFacade.ArtifactsClient|DEBUG|ClientBase: Calling batch_create_empty_artifacts with url /artifact/v2.0/subscriptions/{subscriptionId}/resourceGroups/{resourceGroupName}/providers/Microsoft.MachineLearningServices/workspaces/{workspaceName}/artifacts/batch/metadata/{origin}/{container}
2021-11-01 14:39:52,561|azureml.core.run|DEBUG|Identity in use is not set. Falling back to using AMLToken
2021-11-01 14:39:52,561|azureml.core.run|DEBUG|Using AMLToken auth for remote run
2021-11-01 14:39:52,561|azureml._restclient.service_context|DEBUG|Access an existing static threadpool for ServiceContext class
2021-11-01 14:39:52,561|azureml._base_sdk_common.service_discovery|DEBUG|Found history service url in environment variable AZUREML_SERVICE_ENDPOINT, history service url: https://westeurope.api.azureml.ms.
2021-11-01 14:39:52,562|azureml._base_sdk_common.service_discovery|DEBUG|Found history service url in environment variable AZUREML_SERVICE_ENDPOINT, history service url: https://westeurope.api.azureml.ms.
2021-11-01 14:39:52,562|azureml._base_sdk_common.service_discovery|DEBUG|Found history service url in environment variable AZUREML_SERVICE_ENDPOINT, history service url: https://westeurope.api.azureml.ms.
2021-11-01 14:39:52,562|azureml._base_sdk_common.service_discovery|DEBUG|Found history service url in environment variable AZUREML_SERVICE_ENDPOINT, history service url: https://westeurope.api.azureml.ms.
2021-11-01 14:39:52,562|azureml._base_sdk_common.service_discovery|DEBUG|Found history service url in environment variable AZUREML_SERVICE_ENDPOINT, history service url: https://westeurope.api.azureml.ms.
2021-11-01 14:39:52,562|azureml._base_sdk_common.service_discovery|DEBUG|Found history service url in environment variable AZUREML_SERVICE_ENDPOINT, history service url: https://westeurope.api.azureml.ms.
2021-11-01 14:39:52,562|azureml._base_sdk_common.service_discovery|DEBUG|Found history service url in environment variable AZUREML_SERVICE_ENDPOINT, history service url: https://westeurope.api.azureml.ms.
2021-11-01 14:39:52,596|azureml._SubmittedRun#mslearn-diabetes_1635777523_1a0874de.RunHistoryFacade.RunClient.get_by_exp_id-async:False|DEBUG|[START]
2021-11-01 14:39:52,597|azureml._SubmittedRun#mslearn-diabetes_1635777523_1a0874de.RunHistoryFacade.RunClient|DEBUG|ClientBase: Calling get_by_exp_id with url /history/v1.0/subscriptions/{subscriptionId}/resourceGroups/{resourceGroupName}/providers/Microsoft.MachineLearningServices/workspaces/{workspaceName}/experimentids/{experimentId}/runs/{runId}
2021-11-01 14:39:52,664|azureml._SubmittedRun#mslearn-diabetes_1635777523_1a0874de.RunHistoryFacade.RunClient.get_by_exp_id-async:False|DEBUG|[STOP]
2021-11-01 14:39:52,665|azureml._SubmittedRun#mslearn-diabetes_1635777523_1a0874de|DEBUG|Constructing run from dto. type: azureml.scriptrun, source: None, props: {'_azureml.ComputeTargetType': 'local', 'ContentSnapshotId': '85acbbd1-c1b0-4a94-a154-5a127cf074b6', 'azureml.git.repository_uri': 'https://github.com/MicrosoftLearning/mslearn-dp100', 'mlflow.source.git.repoURL': 'https://github.com/MicrosoftLearning/mslearn-dp100', 'azureml.git.branch': 'main', 'mlflow.source.git.branch': 'main', 'azureml.git.commit': '18f734eeb1031a9cb69c3b294632efd2e69324ac', 'mlflow.source.git.commit': '18f734eeb1031a9cb69c3b294632efd2e69324ac', 'azureml.git.dirty': 'True'}
2021-11-01 14:39:52,665|azureml._SubmittedRun#mslearn-diabetes_1635777523_1a0874de.RunContextManager|DEBUG|Valid logs dir, setting up content loader
2021-11-01 14:39:52,680|azureml._SubmittedRun#mslearn-diabetes_1635777523_1a0874de.RunHistoryFacade.MetricsClient|DEBUG|Overrides: Max batch size: 50, batch cushion: 5, Interval: 1.
2021-11-01 14:39:52,680|azureml._SubmittedRun#mslearn-diabetes_1635777523_1a0874de.RunHistoryFacade.MetricsClient.PostMetricsBatchV2.PostMetricsBatchV2Daemon|DEBUG|Starting daemon and triggering first instance
2021-11-01 14:39:52,681|azureml._SubmittedRun#mslearn-diabetes_1635777523_1a0874de.RunHistoryFacade.MetricsClient|DEBUG|Used <class 'azureml._common.async_utils.batch_task_queue.BatchTaskQueue'> for use_batch=True.
2021-11-01 14:39:52,686|azureml._SubmittedRun#mslearn-diabetes_1635777523_1a0874de|INFO|complete is not setting status for submitted runs.
2021-11-01 14:39:52,687|azureml._SubmittedRun#mslearn-diabetes_1635777523_1a0874de.RunHistoryFacade.MetricsClient.FlushingMetricsClient|DEBUG|[START]
2021-11-01 14:39:52,687|azureml._SubmittedRun#mslearn-diabetes_1635777523_1a0874de.RunHistoryFacade.MetricsClient|DEBUG|Overrides: Max batch size: 50, batch cushion: 5, Interval: 1.
2021-11-01 14:39:52,687|azureml._SubmittedRun#mslearn-diabetes_1635777523_1a0874de.RunHistoryFacade.MetricsClient.PostMetricsBatch.PostMetricsBatchDaemon|DEBUG|Starting daemon and triggering first instance
2021-11-01 14:39:52,687|azureml._SubmittedRun#mslearn-diabetes_1635777523_1a0874de.RunHistoryFacade.MetricsClient|DEBUG|Used <class 'azureml._common.async_utils.batch_task_queue.BatchTaskQueue'> for use_batch=True.
2021-11-01 14:39:52,687|azureml._SubmittedRun#mslearn-diabetes_1635777523_1a0874de.RunHistoryFacade.MetricsClient.PostMetricsBatch.WaitFlushSource:MetricsClient|DEBUG|[START]
2021-11-01 14:39:52,687|azureml._SubmittedRun#mslearn-diabetes_1635777523_1a0874de.RunHistoryFacade.MetricsClient.PostMetricsBatch.WaitFlushSource:MetricsClient|DEBUG|flush timeout 300 is different from task queue timeout 120, using flush timeout
2021-11-01 14:39:52,687|azureml._SubmittedRun#mslearn-diabetes_1635777523_1a0874de.RunHistoryFacade.MetricsClient.PostMetricsBatch.WaitFlushSource:MetricsClient|DEBUG|Waiting 300 seconds on tasks: [].
2021-11-01 14:39:52,688|azureml._SubmittedRun#mslearn-diabetes_1635777523_1a0874de.RunHistoryFacade.MetricsClient.PostMetricsBatch|DEBUG|
2021-11-01 14:39:52,688|azureml._SubmittedRun#mslearn-diabetes_1635777523_1a0874de.RunHistoryFacade.MetricsClient.PostMetricsBatch.WaitFlushSource:MetricsClient|DEBUG|[STOP]
2021-11-01 14:39:52,688|azureml.BatchTaskQueueAdd_1_Batches|DEBUG|[Start]
2021-11-01 14:39:52,688|azureml.BatchTaskQueueAdd_1_Batches.WorkerPool|DEBUG|submitting future: _handle_batch
2021-11-01 14:39:52,688|azureml._SubmittedRun#mslearn-diabetes_1635777523_1a0874de.RunHistoryFacade.MetricsClient.PostMetricsBatchV2|DEBUG|Batch size 3.
2021-11-01 14:39:52,688|azureml.BatchTaskQueueAdd_1_Batches.0__handle_batch|DEBUG|Using basic handler - no exception handling
2021-11-01 14:39:52,688|azureml._restclient.service_context.WorkerPool|DEBUG|submitting future: _log_batch_v2
2021-11-01 14:39:52,689|azureml.BatchTaskQueueAdd_1_Batches|DEBUG|Adding task 0__handle_batch to queue of approximate size: 0
2021-11-01 14:39:52,689|azureml.BatchTaskQueueAdd_1_Batches|DEBUG|[Stop] - waiting default timeout
2021-11-01 14:39:52,689|azureml._SubmittedRun#mslearn-diabetes_1635777523_1a0874de.RunHistoryFacade.MetricsClient|DEBUG|Metrics Client: _log_batch_v2 is calling post_run_metrics posting 3 values.
2021-11-01 14:39:52,689|azureml.BatchTaskQueueAdd_1_Batches.WaitFlushSource:BatchTaskQueueAdd_1_Batches|DEBUG|[START]
2021-11-01 14:39:52,689|azureml._SubmittedRun#mslearn-diabetes_1635777523_1a0874de.RunHistoryFacade.MetricsClient.PostMetricsBatchV2.0__log_batch_v2|DEBUG|Using basic handler - no exception handling
2021-11-01 14:39:52,689|azureml._SubmittedRun#mslearn-diabetes_1635777523_1a0874de.RunHistoryFacade.MetricsClient._post_run_metrics_log_failed_validations-async:False|DEBUG|[START]
2021-11-01 14:39:52,689|azureml.BatchTaskQueueAdd_1_Batches.WaitFlushSource:BatchTaskQueueAdd_1_Batches|DEBUG|Overriding default flush timeout from None to 120
2021-11-01 14:39:52,689|azureml._SubmittedRun#mslearn-diabetes_1635777523_1a0874de.RunHistoryFacade.MetricsClient.PostMetricsBatchV2|DEBUG|Adding task 0__log_batch_v2 to queue of approximate size: 0
2021-11-01 14:39:52,689|azureml._SubmittedRun#mslearn-diabetes_1635777523_1a0874de.RunHistoryFacade.MetricsClient|DEBUG|ClientBase: Calling _post_run_metrics_log_failed_validations with url None
2021-11-01 14:39:52,690|azureml.BatchTaskQueueAdd_1_Batches.WaitFlushSource:BatchTaskQueueAdd_1_Batches|DEBUG|Waiting 120 seconds on tasks: [AsyncTask(0__handle_batch)].
2021-11-01 14:39:52,695|azureml.BatchTaskQueueAdd_1_Batches.0__handle_batch.WaitingTask|DEBUG|[START]
2021-11-01 14:39:52,695|azureml.BatchTaskQueueAdd_1_Batches.0__handle_batch.WaitingTask|DEBUG|Awaiter is BatchTaskQueueAdd_1_Batches
2021-11-01 14:39:52,695|azureml.BatchTaskQueueAdd_1_Batches.0__handle_batch.WaitingTask|DEBUG|[STOP]
2021-11-01 14:39:52,695|azureml.BatchTaskQueueAdd_1_Batches|DEBUG|
2021-11-01 14:39:52,695|azureml.BatchTaskQueueAdd_1_Batches.WaitFlushSource:BatchTaskQueueAdd_1_Batches|DEBUG|[STOP]
2021-11-01 14:39:52,695|azureml._SubmittedRun#mslearn-diabetes_1635777523_1a0874de.RunHistoryFacade.MetricsClient.PostMetricsBatchV2.WaitFlushSource:MetricsClient|DEBUG|[START]
2021-11-01 14:39:52,695|azureml._SubmittedRun#mslearn-diabetes_1635777523_1a0874de.RunHistoryFacade.MetricsClient.PostMetricsBatchV2.WaitFlushSource:MetricsClient|DEBUG|flush timeout 300 is different from task queue timeout 120, using flush timeout
2021-11-01 14:39:52,695|azureml._SubmittedRun#mslearn-diabetes_1635777523_1a0874de.RunHistoryFacade.MetricsClient.PostMetricsBatchV2.WaitFlushSource:MetricsClient|DEBUG|Waiting 300 seconds on tasks: [AsyncTask(0__log_batch_v2)].
2021-11-01 14:39:52,846|azureml._SubmittedRun#mslearn-diabetes_1635777523_1a0874de.RunHistoryFacade.ArtifactsClient.batch_create_empty_artifacts-async:False|DEBUG|[STOP]
2021-11-01 14:39:52,909|azureml._history.utils.context_managers.FileWatcher|DEBUG|uploading data to container: azureml blob: ExperimentRun/dcid.mslearn-diabetes_1635777523_1a0874de/logs/azureml/5176_azureml.log path: /tmp/azureml_runs/mslearn-diabetes_1635777523_1a0874de/logs/azureml/5176_azureml.log
2021-11-01 14:39:52,909|azureml._history.utils.context_managers.FileWatcher.UploadQueue.WorkerPool|DEBUG|submitting future: result
2021-11-01 14:39:52,909|azureml._history.utils.context_managers.FileWatcher.UploadQueue.0_result|DEBUG|Using basic handler - no exception handling
2021-11-01 14:39:52,909|azureml._history.utils.context_managers.FileWatcher.UploadQueue|DEBUG|Adding task 0_result to queue of approximate size: 0
2021-11-01 14:39:53,031|azureml._SubmittedRun#mslearn-diabetes_1635777523_1a0874de.RunHistoryFacade.MetricsClient._post_run_metrics_log_failed_validations-async:False|DEBUG|[STOP]
2021-11-01 14:39:53,196|azureml._SubmittedRun#mslearn-diabetes_1635777523_1a0874de.RunHistoryFacade.MetricsClient.PostMetricsBatchV2.0__log_batch_v2.WaitingTask|DEBUG|[START]
2021-11-01 14:39:53,196|azureml._SubmittedRun#mslearn-diabetes_1635777523_1a0874de.RunHistoryFacade.MetricsClient.PostMetricsBatchV2.0__log_batch_v2.WaitingTask|DEBUG|Awaiter is PostMetricsBatchV2
2021-11-01 14:39:53,196|azureml._SubmittedRun#mslearn-diabetes_1635777523_1a0874de.RunHistoryFacade.MetricsClient.PostMetricsBatchV2.0__log_batch_v2.WaitingTask|DEBUG|[STOP]
2021-11-01 14:39:53,196|azureml._SubmittedRun#mslearn-diabetes_1635777523_1a0874de.RunHistoryFacade.MetricsClient.PostMetricsBatchV2|DEBUG|Waiting on task: 0__log_batch_v2.
1 tasks left. Current duration of flush 0.00012350082397460938 seconds.
Waiting on task: 0__log_batch_v2.
1 tasks left. Current duration of flush 0.2504689693450928 seconds.

2021-11-01 14:39:53,196|azureml._SubmittedRun#mslearn-diabetes_1635777523_1a0874de.RunHistoryFacade.MetricsClient.PostMetricsBatchV2.WaitFlushSource:MetricsClient|DEBUG|[STOP]
2021-11-01 14:39:53,196|azureml._SubmittedRun#mslearn-diabetes_1635777523_1a0874de.RunHistoryFacade.MetricsClient.FlushingMetricsClient|DEBUG|[STOP]
2021-11-01 14:39:53,197|azureml._SubmittedRun#mslearn-diabetes_1635777523_1a0874de.RunHistoryFacade.MetricsClient.wait_on_ingest-async:False|DEBUG|[START]
2021-11-01 14:39:53,197|azureml._SubmittedRun#mslearn-diabetes_1635777523_1a0874de.RunHistoryFacade.MetricsClient|DEBUG|ClientBase: Calling wait_on_ingest with url /history/v1.0/subscriptions/{subscriptionId}/resourceGroups/{resourceGroupName}/providers/Microsoft.MachineLearningServices/workspaces/{workspaceName}/experiments/{experimentName}/runs/{runId}/metricsingest/wait
2021-11-01 14:39:53,290|azureml._SubmittedRun#mslearn-diabetes_1635777523_1a0874de.RunHistoryFacade.MetricsClient.wait_on_ingest-async:False|DEBUG|[STOP]
2021-11-01 14:39:58,296|azureml._restclient.clientbase|DEBUG|ClientBase: Calling update_status with url None
2021-11-01 14:39:58,362|azureml.history._tracking.PythonWorkingDirectory.workingdir|DEBUG|Uploading tracked directories: [], excluding []
2021-11-01 14:39:58,363|azureml.history._tracking.PythonWorkingDirectory.workingdir|DEBUG|Calling track for pyfs
2021-11-01 14:39:58,537|azureml.history._tracking.PythonWorkingDirectory.workingdir|DEBUG|Calling pyfs
2021-11-01 14:39:58,537|azureml.history._tracking.PythonWorkingDirectory|INFO|Current working dir: /tmp/azureml_runs/mslearn-diabetes_1635777523_1a0874de
2021-11-01 14:39:58,537|azureml.history._tracking.PythonWorkingDirectory.workingdir|DEBUG|Reverting working dir from /tmp/azureml_runs/mslearn-diabetes_1635777523_1a0874de to /tmp/azureml_runs/mslearn-diabetes_1635777523_1a0874de
2021-11-01 14:39:58,537|azureml.history._tracking.PythonWorkingDirectory|INFO|Working dir is already updated /tmp/azureml_runs/mslearn-diabetes_1635777523_1a0874de
2021-11-01 14:39:58,537|azureml.history._tracking.PythonWorkingDirectory.workingdir|DEBUG|[STOP]
2021-11-01 14:39:58,537|azureml.WorkingDirectoryCM|DEBUG|[STOP]
2021-11-01 14:39:58,537|azureml.history._tracking.PythonWorkingDirectory.workingdir|DEBUG|Uploading tracked directories: ['./outputs'], excluding ['azureml-logs/driver_log']
2021-11-01 14:39:58,537|azureml.history._tracking.PythonWorkingDirectory.workingdir|DEBUG|Calling track for pyfs
2021-11-01 14:39:58,537|azureml.history._tracking.PythonWorkingDirectory|DEBUG|./outputs exists as directory, uploading..
2021-11-01 14:39:58,537|azureml.history._tracking.PythonWorkingDirectory|DEBUG|Found and adding path to upload: ./outputs/sample.csv
2021-11-01 14:39:58,537|azureml.history._tracking.PythonWorkingDirectory|DEBUG|Paths to upload is ['./outputs/sample.csv'] in dir ./outputs
2021-11-01 14:39:58,538|azureml._SubmittedRun#mslearn-diabetes_1635777523_1a0874de.RunHistoryFacade.ArtifactsClient.upload_files|DEBUG|Overriding default timeout to 300
2021-11-01 14:39:58,538|azureml._SubmittedRun#mslearn-diabetes_1635777523_1a0874de.RunHistoryFacade.ArtifactsClient.upload_files|DEBUG|[Start]
2021-11-01 14:39:58,538|azureml._SubmittedRun#mslearn-diabetes_1635777523_1a0874de.RunHistoryFacade.ArtifactsClient.batch_create_empty_artifacts-async:False|DEBUG|[START]
2021-11-01 14:39:58,538|azureml._SubmittedRun#mslearn-diabetes_1635777523_1a0874de.RunHistoryFacade.ArtifactsClient|DEBUG|ClientBase: Calling batch_create_empty_artifacts with url /artifact/v2.0/subscriptions/{subscriptionId}/resourceGroups/{resourceGroupName}/providers/Microsoft.MachineLearningServices/workspaces/{workspaceName}/artifacts/batch/metadata/{origin}/{container}
2021-11-01 14:39:58,733|azureml._SubmittedRun#mslearn-diabetes_1635777523_1a0874de.RunHistoryFacade.ArtifactsClient.batch_create_empty_artifacts-async:False|DEBUG|[STOP]
2021-11-01 14:39:58,733|azureml._restclient.service_context.WorkerPool|DEBUG|submitting future: perform_upload
2021-11-01 14:39:58,734|azureml._SubmittedRun#mslearn-diabetes_1635777523_1a0874de.RunHistoryFacade.ArtifactsClient.upload_files.0_perform_upload|DEBUG|Using basic handler - no exception handling
2021-11-01 14:39:58,734|azureml._restclient.clientbase|DEBUG|ClientBase: Calling create_blob_from_stream with url None
2021-11-01 14:39:58,734|azureml._SubmittedRun#mslearn-diabetes_1635777523_1a0874de.RunHistoryFacade.ArtifactsClient.upload_files|DEBUG|Adding task 0_perform_upload to queue of approximate size: 0
2021-11-01 14:39:58,735|azureml._SubmittedRun#mslearn-diabetes_1635777523_1a0874de.RunHistoryFacade.ArtifactsClient.upload_files|DEBUG|[Stop] - waiting default timeout
2021-11-01 14:39:58,735|azureml._SubmittedRun#mslearn-diabetes_1635777523_1a0874de.RunHistoryFacade.ArtifactsClient.upload_files.WaitFlushSource:upload_files|DEBUG|[START]
2021-11-01 14:39:58,735|azureml._SubmittedRun#mslearn-diabetes_1635777523_1a0874de.RunHistoryFacade.ArtifactsClient.upload_files.WaitFlushSource:upload_files|DEBUG|Overriding default flush timeout from None to 300
2021-11-01 14:39:58,735|azureml._SubmittedRun#mslearn-diabetes_1635777523_1a0874de.RunHistoryFacade.ArtifactsClient.upload_files.WaitFlushSource:upload_files|DEBUG|Waiting 300 seconds on tasks: [AsyncTask(0_perform_upload)].
2021-11-01 14:39:58,796|azureml._file_utils.upload|DEBUG|Uploaded blob ExperimentRun/dcid.mslearn-diabetes_1635777523_1a0874de/outputs/sample.csv with size 5541, file size 5541.
2021-11-01 14:39:58,986|azureml._SubmittedRun#mslearn-diabetes_1635777523_1a0874de.RunHistoryFacade.ArtifactsClient.upload_files.0_perform_upload.WaitingTask|DEBUG|[START]
2021-11-01 14:39:58,986|azureml._SubmittedRun#mslearn-diabetes_1635777523_1a0874de.RunHistoryFacade.ArtifactsClient.upload_files.0_perform_upload.WaitingTask|DEBUG|Awaiter is upload_files
2021-11-01 14:39:58,986|azureml._SubmittedRun#mslearn-diabetes_1635777523_1a0874de.RunHistoryFacade.ArtifactsClient.upload_files.0_perform_upload.WaitingTask|DEBUG|[STOP]
2021-11-01 14:39:58,986|azureml._SubmittedRun#mslearn-diabetes_1635777523_1a0874de.RunHistoryFacade.ArtifactsClient.upload_files|DEBUG|Waiting on task: 0_perform_upload.
1 tasks left. Current duration of flush 0.00015306472778320312 seconds.

2021-11-01 14:39:58,986|azureml._SubmittedRun#mslearn-diabetes_1635777523_1a0874de.RunHistoryFacade.ArtifactsClient.upload_files.WaitFlushSource:upload_files|DEBUG|[STOP]
2021-11-01 14:39:58,986|azureml.TrackFolders|DEBUG|[STOP]
2021-11-01 14:39:58,986|azureml._history.utils.context_managers|DEBUG|exiting ContentUploader, waiting for file_watcher to finish upload...
2021-11-01 14:39:58,986|azureml._history.utils.context_managers.FileWatcher|DEBUG|FileWatcher called finish, setting event
2021-11-01 14:39:58,986|azureml._history.utils.context_managers.FileWatcher|DEBUG|FileWatcher received exit event, getting current_stat
2021-11-01 14:39:58,987|azureml._history.utils.context_managers.FileWatcher.UploadQueue.WorkerPool|DEBUG|submitting future: result
2021-11-01 14:39:58,987|azureml._history.utils.context_managers.FileWatcher.UploadQueue.1_result|DEBUG|Using basic handler - no exception handling
2021-11-01 14:39:58,988|azureml._history.utils.context_managers.FileWatcher.UploadQueue|DEBUG|Adding task 1_result to queue of approximate size: 1
2021-11-01 14:39:58,991|azureml._history.utils.context_managers.FileWatcher|DEBUG|FileWatcher retrieved current_stat, will upload to current_stat
2021-11-01 14:39:58,991|azureml._history.utils.context_managers.FileWatcher|DEBUG|FileWatcher uploading files to current_stat...
2021-11-01 14:39:58,992|azureml._history.utils.context_managers.FileWatcher|DEBUG|FileWatcher uploading files to current_stat...
2021-11-01 14:39:58,992|azureml._history.utils.context_managers.FileWatcher|DEBUG|FileWatcher uploading files to current_stat...
2021-11-01 14:39:58,992|azureml._history.utils.context_managers.FileWatcher|DEBUG|FileWatcher uploading files to current_stat...
2021-11-01 14:39:58,992|azureml._history.utils.context_managers.FileWatcher|DEBUG|FileWatcher uploading files to current_stat...
2021-11-01 14:39:58,992|azureml._history.utils.context_managers.FileWatcher|DEBUG|FileWatcher uploading files to current_stat...
2021-11-01 14:39:58,992|azureml._history.utils.context_managers.FileWatcher|DEBUG|FileWatcher uploading files to current_stat...
2021-11-01 14:39:58,993|azureml._history.utils.context_managers.FileWatcher|DEBUG|FileWatcher uploading files to current_stat...
2021-11-01 14:39:58,993|azureml._history.utils.context_managers.FileWatcher|DEBUG|FileWatcher uploading files to current_stat...
2021-11-01 14:39:58,993|azureml._history.utils.context_managers.FileWatcher|DEBUG|FileWatcher uploading files to current_stat...
2021-11-01 14:39:58,993|azureml._history.utils.context_managers.FileWatcher|DEBUG|FileWatcher uploading files to current_stat...
2021-11-01 14:39:58,993|azureml._history.utils.context_managers.FileWatcher|DEBUG|FileWatcher uploading files to current_stat...
2021-11-01 14:39:58,993|azureml._history.utils.context_managers.FileWatcher|DEBUG|FileWatcher uploading files to current_stat...
2021-11-01 14:39:58,993|azureml._history.utils.context_managers.FileWatcher|DEBUG|FileWatcher uploading files to current_stat...
2021-11-01 14:39:58,994|azureml._history.utils.context_managers.FileWatcher|DEBUG|FileWatcher uploading files to current_stat...
2021-11-01 14:39:58,994|azureml._history.utils.context_managers.FileWatcher|DEBUG|FileWatcher uploading files to current_stat...
2021-11-01 14:39:58,994|azureml._history.utils.context_managers.FileWatcher|DEBUG|FileWatcher uploading files to current_stat...
2021-11-01 14:39:58,994|azureml._history.utils.context_managers.FileWatcher|DEBUG|FileWatcher uploading files to current_stat...
2021-11-01 14:39:58,994|azureml._history.utils.context_managers.FileWatcher|DEBUG|FileWatcher uploading files to current_stat...
2021-11-01 14:39:58,994|azureml._history.utils.context_managers.FileWatcher|DEBUG|FileWatcher uploading files to current_stat...
2021-11-01 14:39:58,994|azureml._history.utils.context_managers.FileWatcher|DEBUG|FileWatcher uploading files to current_stat...
2021-11-01 14:39:58,994|azureml._history.utils.context_managers.FileWatcher|DEBUG|FileWatcher uploading files to current_stat...
2021-11-01 14:39:58,995|azureml._history.utils.context_managers.FileWatcher|DEBUG|FileWatcher uploading files to current_stat...
2021-11-01 14:39:58,995|azureml._history.utils.context_managers.FileWatcher|DEBUG|FileWatcher uploading files to current_stat...
2021-11-01 14:39:58,995|azureml._history.utils.context_managers.FileWatcher|DEBUG|FileWatcher uploading files to current_stat...
2021-11-01 14:39:58,995|azureml._history.utils.context_managers.FileWatcher|DEBUG|FileWatcher uploading files to current_stat...
2021-11-01 14:39:58,995|azureml._history.utils.context_managers.FileWatcher|DEBUG|FileWatcher uploading files to current_stat...
2021-11-01 14:39:58,995|azureml._history.utils.context_managers.FileWatcher|DEBUG|FileWatcher uploading files to current_stat...
2021-11-01 14:39:58,995|azureml._history.utils.context_managers.FileWatcher|DEBUG|FileWatcher uploading files to current_stat...
2021-11-01 14:39:58,996|azureml._history.utils.context_managers.FileWatcher|DEBUG|FileWatcher uploading files to current_stat...
2021-11-01 14:39:58,996|azureml._history.utils.context_managers.FileWatcher|DEBUG|FileWatcher uploading files to current_stat...
2021-11-01 14:39:58,996|azureml._history.utils.context_managers.FileWatcher|DEBUG|FileWatcher uploading files to current_stat...
2021-11-01 14:39:58,996|azureml._history.utils.context_managers.FileWatcher|DEBUG|FileWatcher uploading files to current_stat...
2021-11-01 14:39:58,996|azureml._history.utils.context_managers.FileWatcher|DEBUG|FileWatcher uploading files to current_stat...
2021-11-01 14:39:58,996|azureml._history.utils.context_managers.FileWatcher|DEBUG|FileWatcher uploading files to current_stat...
2021-11-01 14:39:58,996|azureml._history.utils.context_managers.FileWatcher|DEBUG|FileWatcher uploading files to current_stat...
2021-11-01 14:39:58,997|azureml._history.utils.context_managers.FileWatcher|DEBUG|FileWatcher uploading files to current_stat...
2021-11-01 14:39:58,997|azureml._history.utils.context_managers.FileWatcher|DEBUG|FileWatcher uploading files to current_stat...
2021-11-01 14:39:58,997|azureml._history.utils.context_managers.FileWatcher|DEBUG|FileWatcher uploading files to current_stat...
2021-11-01 14:39:58,997|azureml._history.utils.context_managers.FileWatcher|DEBUG|FileWatcher uploading files to current_stat...
2021-11-01 14:39:58,997|azureml._history.utils.context_managers.FileWatcher|DEBUG|FileWatcher uploading files to current_stat...
2021-11-01 14:39:58,997|azureml._history.utils.context_managers.FileWatcher|DEBUG|FileWatcher uploading files to current_stat...
2021-11-01 14:39:58,997|azureml._history.utils.context_managers.FileWatcher|DEBUG|FileWatcher uploading files to current_stat...
2021-11-01 14:39:58,998|azureml._history.utils.context_managers.FileWatcher|DEBUG|FileWatcher uploading files to current_stat...
2021-11-01 14:39:58,998|azureml._history.utils.context_managers.FileWatcher|DEBUG|FileWatcher uploading files to current_stat...
2021-11-01 14:39:58,998|azureml._history.utils.context_managers.FileWatcher|DEBUG|FileWatcher uploading files to current_stat...
2021-11-01 14:39:58,999|azureml._history.utils.context_managers.FileWatcher.UploadQueue.WorkerPool|DEBUG|submitting future: result
2021-11-01 14:39:58,999|azureml._history.utils.context_managers.FileWatcher.UploadQueue.2_result|DEBUG|Using basic handler - no exception handling
2021-11-01 14:39:59,000|azureml._history.utils.context_managers.FileWatcher.UploadQueue|DEBUG|Adding task 2_result to queue of approximate size: 2
2021-11-01 14:39:59,003|azureml._history.utils.context_managers.FileWatcher|DEBUG|FileWatcher finished uploading to current_stat, finishing task queue
2021-11-01 14:39:59,003|azureml._history.utils.context_managers.FileWatcher.UploadQueue|DEBUG|[Stop] - waiting default timeout
2021-11-01 14:39:59,003|azureml._history.utils.context_managers.FileWatcher.UploadQueue.WaitFlushSource:UploadQueue|DEBUG|[START]
2021-11-01 14:39:59,003|azureml._history.utils.context_managers.FileWatcher.UploadQueue.WaitFlushSource:UploadQueue|DEBUG|Overriding default flush timeout from None to 120
2021-11-01 14:39:59,003|azureml._history.utils.context_managers.FileWatcher.UploadQueue.WaitFlushSource:UploadQueue|DEBUG|Waiting 120 seconds on tasks: [AsyncTask(0_result), AsyncTask(1_result), AsyncTask(2_result)].
2021-11-01 14:39:59,004|azureml._history.utils.context_managers.FileWatcher.UploadQueue.0_result.WaitingTask|DEBUG|[START]
2021-11-01 14:39:59,004|azureml._history.utils.context_managers.FileWatcher.UploadQueue.0_result.WaitingTask|DEBUG|Awaiter is UploadQueue
2021-11-01 14:39:59,004|azureml._history.utils.context_managers.FileWatcher.UploadQueue.0_result.WaitingTask|DEBUG|[STOP]
2021-11-01 14:39:59,004|azureml._history.utils.context_managers.FileWatcher.UploadQueue.1_result.WaitingTask|DEBUG|[START]
2021-11-01 14:39:59,004|azureml._history.utils.context_managers.FileWatcher.UploadQueue.1_result.WaitingTask|DEBUG|Awaiter is UploadQueue
2021-11-01 14:39:59,004|azureml._history.utils.context_managers.FileWatcher.UploadQueue.1_result.WaitingTask|DEBUG|[STOP]
2021-11-01 14:39:59,254|azureml._history.utils.context_managers.FileWatcher.UploadQueue.2_result.WaitingTask|DEBUG|[START]
2021-11-01 14:39:59,255|azureml._history.utils.context_managers.FileWatcher.UploadQueue.2_result.WaitingTask|DEBUG|Awaiter is UploadQueue
2021-11-01 14:39:59,255|azureml._history.utils.context_managers.FileWatcher.UploadQueue.2_result.WaitingTask|DEBUG|[STOP]
2021-11-01 14:39:59,255|azureml._history.utils.context_managers.FileWatcher.UploadQueue|DEBUG|Waiting on task: 2_result.
1 tasks left. Current duration of flush 0.0004820823669433594 seconds.

2021-11-01 14:39:59,255|azureml._history.utils.context_managers.FileWatcher.UploadQueue.WaitFlushSource:UploadQueue|DEBUG|[STOP]
